Sun Jul 20 05:57:45 UTC 2025
Sun Jul 20 06:26:51 UTC 2025
Sun Jul 20 06:51:52 UTC 2025
Sun Jul 20 07:17:09 UTC 2025
Sun Jul 20 07:39:13 UTC 2025
Sun Jul 20 08:23:08 UTC 2025
Sun Jul 20 08:47:47 UTC 2025
Sun Jul 20 09:18:24 UTC 2025
Sun Jul 20 09:41:03 UTC 2025
Sun Jul 20 10:19:19 UTC 2025
Sun Jul 20 10:45:49 UTC 2025
Sun Jul 20 11:15:20 UTC 2025
Sun Jul 20 11:38:13 UTC 2025
Sun Jul 20 12:36:22 UTC 2025
Sun Jul 20 13:29:11 UTC 2025
Sun Jul 20 13:49:35 UTC 2025
Sun Jul 20 14:16:29 UTC 2025
Sun Jul 20 14:42:12 UTC 2025
Sun Jul 20 15:18:13 UTC 2025
Sun Jul 20 15:40:59 UTC 2025
Sun Jul 20 16:21:49 UTC 2025
Sun Jul 20 16:47:36 UTC 2025
Sun Jul 20 17:15:50 UTC 2025
Sun Jul 20 17:41:55 UTC 2025
Sun Jul 20 18:25:39 UTC 2025
Sun Jul 20 18:49:51 UTC 2025
Sun Jul 20 19:14:01 UTC 2025
Sun Jul 20 19:37:23 UTC 2025
Sun Jul 20 20:20:29 UTC 2025
Sun Jul 20 20:42:46 UTC 2025
Sun Jul 20 21:17:25 UTC 2025
Sun Jul 20 21:39:34 UTC 2025
Sun Jul 20 22:17:39 UTC 2025
Sun Jul 20 22:44:02 UTC 2025
Sun Jul 20 23:19:12 UTC 2025
Sun Jul 20 23:41:40 UTC 2025
Mon Jul 21 01:46:08 UTC 2025
Mon Jul 21 03:43:13 UTC 2025
Mon Jul 21 04:41:34 UTC 2025
Mon Jul 21 05:25:52 UTC 2025
Mon Jul 21 05:50:34 UTC 2025
Mon Jul 21 06:29:32 UTC 2025
Mon Jul 21 06:57:02 UTC 2025
Mon Jul 21 07:31:22 UTC 2025
Mon Jul 21 08:29:41 UTC 2025
Mon Jul 21 08:58:05 UTC 2025
Mon Jul 21 09:34:58 UTC 2025
Mon Jul 21 10:21:56 UTC 2025
Mon Jul 21 10:49:13 UTC 2025
Mon Jul 21 11:17:06 UTC 2025
Mon Jul 21 11:41:04 UTC 2025
Mon Jul 21 12:40:44 UTC 2025
Mon Jul 21 13:37:42 UTC 2025
Mon Jul 21 14:20:31 UTC 2025
Mon Jul 21 14:48:44 UTC 2025
Mon Jul 21 15:20:40 UTC 2025
Mon Jul 21 16:39:48 UTC 2025
Mon Jul 21 17:45:03 UTC 2025
Mon Jul 21 18:57:25 UTC 2025
Mon Jul 21 19:31:50 UTC 2025
Mon Jul 21 19:41:12 UTC 2025
Mon Jul 21 20:43:05 UTC 2025
Mon Jul 21 21:38:13 UTC 2025
Mon Jul 21 22:43:34 UTC 2025
Mon Jul 21 23:37:37 UTC 2025
Tue Jul 22 03:10:32 UTC 2025
Tue Jul 22 04:55:57 UTC 2025
Tue Jul 22 05:51:48 UTC 2025
Tue Jul 22 06:58:54 UTC 2025
Tue Jul 22 07:43:55 UTC 2025
Tue Jul 22 07:55:55 UTC 2025
Tue Jul 22 08:57:37 UTC 2025
Tue Jul 22 09:50:10 UTC 2025
Tue Jul 22 10:52:32 UTC 2025
Tue Jul 22 11:33:20 UTC 2025
Tue Jul 22 11:52:24 UTC 2025
Tue Jul 22 13:52:32 UTC 2025
Tue Jul 22 14:49:43 UTC 2025
Tue Jul 22 15:47:30 UTC 2025
Tue Jul 22 16:56:32 UTC 2025
Tue Jul 22 17:48:03 UTC 2025
Tue Jul 22 18:58:16 UTC 2025
Tue Jul 22 19:32:01 UTC 2025
Tue Jul 22 19:52:02 UTC 2025
Tue Jul 22 20:44:43 UTC 2025
Tue Jul 22 20:58:05 UTC 2025
Tue Jul 22 21:39:04 UTC 2025
Tue Jul 22 21:52:30 UTC 2025
Tue Jul 22 22:45:56 UTC 2025
Tue Jul 22 23:38:15 UTC 2025
Tue Jul 22 23:53:32 UTC 2025
Wed Jul 23 03:54:05 UTC 2025
Wed Jul 23 05:17:53 UTC 2025
Wed Jul 23 05:57:24 UTC 2025
Wed Jul 23 06:59:36 UTC 2025
Wed Jul 23 07:46:11 UTC 2025
Wed Jul 23 08:58:17 UTC 2025
Wed Jul 23 09:51:33 UTC 2025
Wed Jul 23 10:51:52 UTC 2025
Wed Jul 23 11:37:21 UTC 2025
Wed Jul 23 11:53:16 UTC 2025
Wed Jul 23 13:49:52 UTC 2025
Wed Jul 23 14:53:59 UTC 2025
Wed Jul 23 15:48:56 UTC 2025
Wed Jul 23 16:58:04 UTC 2025
Wed Jul 23 17:48:33 UTC 2025
Wed Jul 23 18:57:40 UTC 2025
Wed Jul 23 19:32:04 UTC 2025
Wed Jul 23 19:52:02 UTC 2025
Wed Jul 23 20:46:27 UTC 2025
Wed Jul 23 21:38:40 UTC 2025
Wed Jul 23 21:53:02 UTC 2025
Wed Jul 23 22:46:51 UTC 2025
Wed Jul 23 23:38:26 UTC 2025
Wed Jul 23 23:54:17 UTC 2025
Thu Jul 24 03:53:00 UTC 2025
Thu Jul 24 05:03:27 UTC 2025
Thu Jul 24 05:53:13 UTC 2025
Thu Jul 24 06:59:25 UTC 2025
Thu Jul 24 07:44:47 UTC 2025
Thu Jul 24 07:56:28 UTC 2025
Thu Jul 24 08:57:59 UTC 2025
Thu Jul 24 09:49:13 UTC 2025
Thu Jul 24 10:52:08 UTC 2025
Thu Jul 24 11:33:29 UTC 2025
Thu Jul 24 11:52:34 UTC 2025
Thu Jul 24 13:52:19 UTC 2025
Thu Jul 24 14:52:04 UTC 2025
Thu Jul 24 15:41:32 UTC 2025
Thu Jul 24 15:58:08 UTC 2025
Thu Jul 24 16:55:01 UTC 2025
Thu Jul 24 17:45:36 UTC 2025
Thu Jul 24 18:57:49 UTC 2025
Thu Jul 24 19:46:24 UTC 2025
Thu Jul 24 20:40:20 UTC 2025
Thu Jul 24 21:36:46 UTC 2025
Thu Jul 24 21:45:54 UTC 2025
Thu Jul 24 22:44:06 UTC 2025
Thu Jul 24 23:37:31 UTC 2025
Thu Jul 24 23:50:44 UTC 2025
Fri Jul 25 03:51:44 UTC 2025
Fri Jul 25 05:05:01 UTC 2025
Fri Jul 25 05:55:30 UTC 2025
Fri Jul 25 06:59:12 UTC 2025
Fri Jul 25 07:40:42 UTC 2025
Fri Jul 25 08:54:52 UTC 2025
Fri Jul 25 09:48:23 UTC 2025
